<?xml version="1.0" encoding="UTF-8"?>
<!-- Generated by org.testng.reporters.JUnitReportReporter -->
<testsuite hostname="Kuromi" failures="0" tests="1" name="testing.LoginTest" time="9.919" errors="0" timestamp="2023-04-07T19:48:57 EDT" skipped="0">
  <testcase classname="testing.LoginTest" name="loginTestFunctionalityCheck" time="9.919"/>
  <system-out/>
</testsuite> <!-- testing.LoginTest -->
