<?xml version="1.0" encoding="UTF-8"?>
<!-- Generated by org.testng.reporters.JUnitReportReporter -->
<testsuite hostname="Karens-MacBook-Pro.local" failures="0" tests="1" name="testing.DashBoardTest" time="10.250" errors="0" timestamp="2023-04-04T23:19:41 EDT" skipped="0">
  <testcase classname="testing.DashBoardTest" name="DaashBoard2" time="10.250"/>
  <system-out/>
</testsuite> <!-- testing.DashBoardTest -->
