<?xml version="1.0" encoding="UTF-8"?>
<!-- Generated by org.testng.reporters.JUnitReportReporter -->
<testsuite hostname="Kuromi" failures="0" tests="2" name="testing.PIMtest" time="32.420" errors="0" timestamp="2023-04-08T19:32:30 EDT" skipped="0">
  <testcase classname="testing.PIMtest" name="Addemployee" time="11.458"/>
  <system-out/>
  <testcase classname="testing.PIMtest" name="Deleteemployee" time="20.962"/>
  <system-out/>
</testsuite> <!-- testing.PIMtest -->
