<?xml version="1.0" encoding="UTF-8"?>
<!-- Generated by org.testng.reporters.JUnitReportReporter -->
<testsuite hostname="MacBook-Pro" failures="0" tests="1" name="testing.myInfoDua" time="22.545" errors="0" timestamp="2023-04-08T16:50:18 EDT" skipped="0">
  <testcase classname="testing.myInfoDua" name="VerifyJobDetails" time="22.545"/>
  <system-out/>
</testsuite> <!-- testing.myInfoDua -->
