<?xml version="1.0" encoding="UTF-8"?>
<!-- Generated by org.testng.reporters.JUnitReportReporter -->
<testsuite hostname="Hojatullahs-MacBook-Air.local" failures="0" tests="3" name="testing.DirectoryTest" time="47.599" errors="0" timestamp="2023-04-04T23:07:40 EDT" skipped="0">
  <testcase classname="testing.DirectoryTest" name="verifyNumberOfEmployeesByRecordShown" time="16.640"/>
  <system-out/>
  <testcase classname="testing.DirectoryTest" name="verifyUserInformationByJobTitleAndLocation" time="18.238"/>
  <system-out/>
  <testcase classname="testing.DirectoryTest" name="verifyUserInformationByClickingOnIt" time="12.721"/>
  <system-out/>
</testsuite> <!-- testing.DirectoryTest -->
